============================================================
🌟 8-CHAPTER MASTERPIECE WRITER ENGINE Starting...
============================================================

Writing Chapter 1: Chương 1: Kẻ Ăn Cắp Công Trình...
  -> ✓ Success! Generated Chapter 1: Chương 1: Kẻ Ăn Cắp Công Trình
     Word count: 946 words (~ 4506 characters)

Writing Chapter 2: Chương 2: Mỹ Nhân Thử Thách...
  -> ✓ Success! Generated Chapter 2: Chương 2: Mỹ Nhân Thử Thách
     Word count: 1220 words (~ 5608 characters)

Writing Chapter 3: Chương 3: Nhân Y Đường Khai Trương...
  -> ✓ Success! Generated Chapter 3: Chương 3: Nhân Y Đường Khai Trương
     Word count: 1265 words (~ 5958 characters)

Writing Chapter 4: Chương 4: Y Thuật Trực Chiến...
  -> ✓ Success! Generated Chapter 4: Chương 4: Y Thuật Trực Chiến
     Word count: 947 words (~ 4453 characters)

Writing Chapter 5: Chương 5: Truyền Thông Giông Bão...
  -> ✓ Success! Generated Chapter 5: Chương 5: Truyền Thông Giông Bão
     Word count: 960 words (~ 4827 characters)

Writing Chapter 6: Chương 6: Độc Chất TX-9...
  -> ✓ Success! Generated Chapter 6: Chương 6: Độc Chất TX-9
     Word count: 1012 words (~ 4887 characters)

Writing Chapter 7: Chương 7: Kim Bạc Đoạt Mạng Sống...
  -> ✓ Success! Generated Chapter 7: Chương 7: Kim Bạc Đoạt Mạng Sống
     Word count: 1133 words (~ 5663 characters)

Writing Chapter 8: Chương 8: Cổ Đông Hôn Ước...
  -> ✓ Success! Generated Chapter 8: Chương 8: Cổ Đông Hôn Ước
     Word count: 1076 words (~ 5138 characters)

🎉 ALL 8 CHAPTERS GENERATED AND WRITTEN TO: /Users/aaronnguyen/TN/App/doctieuthuyet/scratch/pending_novel_8.json
